<?xml version="1.0" encoding="UTF-8"?>
<coverage generated="1736737111721" clover="3.2.0">
  <project timestamp="1736737111721" name="All files">
    <metrics statements="50" coveredstatements="50" conditionals="2" coveredconditionals="1" methods="14" coveredmethods="14" elements="66" coveredelements="65" complexity="0" loc="50" ncloc="50" packages="1" files="1" classes="1"/>
    <file name="leave.js" path="E:\DEVOPS\PART 2\hilman devops part 3 final\public\leave.js">
      <metrics statements="50" coveredstatements="50" conditionals="2" coveredconditionals="1" methods="14" coveredmethods="14"/>
      <line num="3" count="8" type="stmt"/>
      <line num="4" count="8" type="stmt"/>
      <line num="6" count="8" type="stmt"/>
      <line num="7" count="8" type="stmt"/>
      <line num="10" count="8" type="stmt"/>
      <line num="11" count="24" type="stmt"/>
      <line num="12" count="24" type="stmt"/>
      <line num="13" count="24" type="stmt"/>
      <line num="14" count="24" type="stmt"/>
      <line num="18" count="8" type="stmt"/>
      <line num="19" count="8" type="stmt"/>
      <line num="24" count="2" type="stmt"/>
      <line num="25" count="2" type="stmt"/>
      <line num="26" count="2" type="stmt"/>
      <line num="29" count="2" type="stmt"/>
      <line num="30" count="8" type="stmt"/>
      <line num="31" count="4" type="stmt"/>
      <line num="34" count="2" type="stmt"/>
      <line num="35" count="8" type="stmt"/>
      <line num="37" count="4" type="stmt"/>
      <line num="38" count="4" type="stmt"/>
      <line num="39" count="4" type="stmt"/>
      <line num="40" count="4" type="stmt"/>
      <line num="46" count="2" type="stmt"/>
      <line num="47" count="2" type="stmt"/>
      <line num="48" count="2" type="stmt"/>
      <line num="50" count="2" type="stmt"/>
      <line num="51" count="2" type="cond" truecount="1" falsecount="1"/>
      <line num="52" count="2" type="stmt"/>
      <line num="61" count="1" type="stmt"/>
      <line num="62" count="1" type="stmt"/>
      <line num="69" count="1" type="stmt"/>
      <line num="74" count="1" type="stmt"/>
      <line num="75" count="1" type="stmt"/>
      <line num="76" count="1" type="stmt"/>
      <line num="80" count="12" type="stmt"/>
      <line num="81" count="12" type="stmt"/>
      <line num="82" count="12" type="stmt"/>
      <line num="83" count="12" type="stmt"/>
      <line num="85" count="12" type="stmt"/>
      <line num="86" count="58" type="stmt"/>
      <line num="87" count="58" type="stmt"/>
      <line num="97" count="58" type="stmt"/>
      <line num="102" count="3" type="stmt"/>
      <line num="107" count="3" type="stmt"/>
      <line num="108" count="3" type="stmt"/>
      <line num="109" count="3" type="stmt"/>
      <line num="113" count="8" type="stmt"/>
      <line num="114" count="8" type="stmt"/>
      <line num="115" count="8" type="stmt"/>
    </file>
  </project>
</coverage>
