<?xml version="1.0" encoding="UTF-8"?>
<coverage generated="1737097825102" clover="3.2.0">
  <project timestamp="1737097825102" name="All files">
    <metrics statements="49" coveredstatements="49" conditionals="0" coveredconditionals="0" methods="14" coveredmethods="14" elements="63" coveredelements="63" complexity="0" loc="49" ncloc="49" packages="1" files="1" classes="1"/>
    <file name="leave.js" path="E:\DEVOPS\PART 2\hilman devops part 3 final\public\leave.js">
      <metrics statements="49" coveredstatements="49" conditionals="0" coveredconditionals="0" methods="14" coveredmethods="14"/>
      <line num="3" count="8" type="stmt"/>
      <line num="4" count="8" type="stmt"/>
      <line num="6" count="8" type="stmt"/>
      <line num="7" count="8" type="stmt"/>
      <line num="10" count="8" type="stmt"/>
      <line num="11" count="24" type="stmt"/>
      <line num="12" count="24" type="stmt"/>
      <line num="13" count="24" type="stmt"/>
      <line num="14" count="24" type="stmt"/>
      <line num="18" count="8" type="stmt"/>
      <line num="19" count="8" type="stmt"/>
      <line num="24" count="2" type="stmt"/>
      <line num="25" count="2" type="stmt"/>
      <line num="26" count="2" type="stmt"/>
      <line num="29" count="2" type="stmt"/>
      <line num="30" count="8" type="stmt"/>
      <line num="31" count="4" type="stmt"/>
      <line num="34" count="2" type="stmt"/>
      <line num="35" count="8" type="stmt"/>
      <line num="37" count="4" type="stmt"/>
      <line num="38" count="4" type="stmt"/>
      <line num="39" count="4" type="stmt"/>
      <line num="40" count="4" type="stmt"/>
      <line num="46" count="2" type="stmt"/>
      <line num="47" count="2" type="stmt"/>
      <line num="48" count="2" type="stmt"/>
      <line num="51" count="2" type="stmt"/>
      <line num="54" count="2" type="stmt"/>
      <line num="62" count="1" type="stmt"/>
      <line num="63" count="1" type="stmt"/>
      <line num="70" count="1" type="stmt"/>
      <line num="75" count="1" type="stmt"/>
      <line num="76" count="1" type="stmt"/>
      <line num="77" count="1" type="stmt"/>
      <line num="81" count="12" type="stmt"/>
      <line num="82" count="12" type="stmt"/>
      <line num="83" count="12" type="stmt"/>
      <line num="84" count="12" type="stmt"/>
      <line num="86" count="12" type="stmt"/>
      <line num="87" count="58" type="stmt"/>
      <line num="88" count="58" type="stmt"/>
      <line num="98" count="58" type="stmt"/>
      <line num="103" count="3" type="stmt"/>
      <line num="108" count="3" type="stmt"/>
      <line num="109" count="3" type="stmt"/>
      <line num="110" count="3" type="stmt"/>
      <line num="114" count="8" type="stmt"/>
      <line num="115" count="8" type="stmt"/>
      <line num="116" count="8" type="stmt"/>
    </file>
  </project>
</coverage>
