{"total": {"lines":{"total":49,"covered":49,"skipped":0,"pct":100},"statements":{"total":50,"covered":50,"skipped":0,"pct":100},"functions":{"total":14,"covered":14,"skipped":0,"pct":100},"branches":{"total":0,"covered":0,"skipped":0,"pct":100},"branchesTrue":{"total":0,"covered":0,"skipped":0,"pct":"Unknown"}}
,"E:\\DEVOPS\\PART 2\\hilman devops part 3 final\\public\\leave.js": {"lines":{"total":49,"covered":49,"skipped":0,"pct":100},"functions":{"total":14,"covered":14,"skipped":0,"pct":100},"statements":{"total":50,"covered":50,"skipped":0,"pct":100},"branches":{"total":0,"covered":0,"skipped":0,"pct":100}}
}
