{"total": {"lines":{"total":50,"covered":50,"skipped":0,"pct":100},"statements":{"total":51,"covered":51,"skipped":0,"pct":100},"functions":{"total":14,"covered":14,"skipped":0,"pct":100},"branches":{"total":2,"covered":1,"skipped":0,"pct":50},"branchesTrue":{"total":0,"covered":0,"skipped":0,"pct":"Unknown"}}
,"E:\\DEVOPS\\PART 2\\hilman-devops-part2\\public\\leave.js": {"lines":{"total":50,"covered":50,"skipped":0,"pct":100},"functions":{"total":14,"covered":14,"skipped":0,"pct":100},"statements":{"total":51,"covered":51,"skipped":0,"pct":100},"branches":{"total":2,"covered":1,"skipped":0,"pct":50}}
}
