{"E:\\DEVOPS\\PART 2\\hilman devops part 3 final\\public\\leave.js": {"path":"E:\\DEVOPS\\PART 2\\hilman devops part 3 final\\public\\leave.js","statementMap":{"0":{"start":{"line":3,"column":21},"end":{"line":3,"column":51}},"1":{"start":{"line":4,"column":17},"end":{"line":4,"column":38}},"2":{"start":{"line":6,"column":26},"end":{"line":6,"column":60}},"3":{"start":{"line":7,"column":4},"end":{"line":7,"column":73}},"4":{"start":{"line":10,"column":4},"end":{"line":15,"column":7}},"5":{"start":{"line":11,"column":23},"end":{"line":11,"column":55}},"6":{"start":{"line":12,"column":8},"end":{"line":12,"column":35}},"7":{"start":{"line":13,"column":8},"end":{"line":13,"column":63}},"8":{"start":{"line":14,"column":8},"end":{"line":14,"column":42}},"9":{"start":{"line":18,"column":4},"end":{"line":18,"column":39}},"10":{"start":{"line":19,"column":4},"end":{"line":19,"column":44}},"11":{"start":{"line":24,"column":20},"end":{"line":24,"column":60}},"12":{"start":{"line":25,"column":28},"end":{"line":25,"column":64}},"13":{"start":{"line":26,"column":4},"end":{"line":26,"column":77}},"14":{"start":{"line":29,"column":29},"end":{"line":31,"column":56}},"15":{"start":{"line":30,"column":30},"end":{"line":30,"column":67}},"16":{"start":{"line":31,"column":27},"end":{"line":31,"column":55}},"17":{"start":{"line":34,"column":4},"end":{"line":41,"column":11}},"18":{"start":{"line":35,"column":27},"end":{"line":35,"column":71}},"19":{"start":{"line":37,"column":27},"end":{"line":37,"column":59}},"20":{"start":{"line":38,"column":12},"end":{"line":38,"column":45}},"21":{"start":{"line":39,"column":12},"end":{"line":39,"column":74}},"22":{"start":{"line":40,"column":12},"end":{"line":40,"column":48}},"23":{"start":{"line":46,"column":22},"end":{"line":46,"column":64}},"24":{"start":{"line":47,"column":24},"end":{"line":47,"column":62}},"25":{"start":{"line":48,"column":4},"end":{"line":48,"column":31}},"26":{"start":{"line":51,"column":20},"end":{"line":51,"column":78}},"27":{"start":{"line":51,"column":51},"end":{"line":51,"column":77}},"28":{"start":{"line":54,"column":4},"end":{"line":57,"column":2}},"29":{"start":{"line":62,"column":17},"end":{"line":62,"column":53}},"30":{"start":{"line":63,"column":21},"end":{"line":68,"column":5}},"31":{"start":{"line":70,"column":21},"end":{"line":74,"column":6}},"32":{"start":{"line":75,"column":19},"end":{"line":75,"column":40}},"33":{"start":{"line":76,"column":4},"end":{"line":76,"column":26}},"34":{"start":{"line":77,"column":4},"end":{"line":77,"column":29}},"35":{"start":{"line":81,"column":21},"end":{"line":81,"column":65}},"36":{"start":{"line":82,"column":25},"end":{"line":82,"column":46}},"37":{"start":{"line":83,"column":22},"end":{"line":83,"column":66}},"38":{"start":{"line":84,"column":4},"end":{"line":84,"column":29}},"39":{"start":{"line":86,"column":4},"end":{"line":99,"column":7}},"40":{"start":{"line":87,"column":23},"end":{"line":87,"column":52}},"41":{"start":{"line":88,"column":8},"end":{"line":97,"column":108}},"42":{"start":{"line":98,"column":8},"end":{"line":98,"column":38}},"43":{"start":{"line":103,"column":21},"end":{"line":107,"column":6}},"44":{"start":{"line":108,"column":19},"end":{"line":108,"column":40}},"45":{"start":{"line":109,"column":4},"end":{"line":109,"column":26}},"46":{"start":{"line":110,"column":4},"end":{"line":110,"column":29}},"47":{"start":{"line":114,"column":0},"end":{"line":114,"column":25}},"48":{"start":{"line":115,"column":0},"end":{"line":117,"column":3}},"49":{"start":{"line":116,"column":4},"end":{"line":116,"column":28}}},"fnMap":{"0":{"name":"populateClassDropdown","decl":{"start":{"line":2,"column":15},"end":{"line":2,"column":36}},"loc":{"start":{"line":2,"column":39},"end":{"line":20,"column":1}},"line":2},"1":{"name":"(anonymous_1)","decl":{"start":{"line":10,"column":25},"end":{"line":10,"column":26}},"loc":{"start":{"line":10,"column":32},"end":{"line":15,"column":5}},"line":10},"2":{"name":"updateStudentDropdown","decl":{"start":{"line":23,"column":9},"end":{"line":23,"column":30}},"loc":{"start":{"line":23,"column":33},"end":{"line":42,"column":1}},"line":23},"3":{"name":"(anonymous_3)","decl":{"start":{"line":30,"column":16},"end":{"line":30,"column":17}},"loc":{"start":{"line":30,"column":30},"end":{"line":30,"column":67}},"line":30},"4":{"name":"(anonymous_4)","decl":{"start":{"line":31,"column":13},"end":{"line":31,"column":14}},"loc":{"start":{"line":31,"column":27},"end":{"line":31,"column":55}},"line":31},"5":{"name":"(anonymous_5)","decl":{"start":{"line":35,"column":16},"end":{"line":35,"column":17}},"loc":{"start":{"line":35,"column":27},"end":{"line":35,"column":71}},"line":35},"6":{"name":"(anonymous_6)","decl":{"start":{"line":36,"column":17},"end":{"line":36,"column":18}},"loc":{"start":{"line":36,"column":28},"end":{"line":41,"column":9}},"line":36},"7":{"name":"displayStudentInfo","decl":{"start":{"line":45,"column":9},"end":{"line":45,"column":27}},"loc":{"start":{"line":45,"column":30},"end":{"line":59,"column":1}},"line":45},"8":{"name":"(anonymous_8)","decl":{"start":{"line":51,"column":44},"end":{"line":51,"column":45}},"loc":{"start":{"line":51,"column":51},"end":{"line":51,"column":77}},"line":51},"9":{"name":"submitLeaveApplication","decl":{"start":{"line":61,"column":15},"end":{"line":61,"column":37}},"loc":{"start":{"line":61,"column":40},"end":{"line":78,"column":1}},"line":61},"10":{"name":"fetchLeaveApplications","decl":{"start":{"line":80,"column":15},"end":{"line":80,"column":37}},"loc":{"start":{"line":80,"column":40},"end":{"line":100,"column":1}},"line":80},"11":{"name":"(anonymous_11)","decl":{"start":{"line":86,"column":25},"end":{"line":86,"column":26}},"loc":{"start":{"line":86,"column":32},"end":{"line":99,"column":5}},"line":86},"12":{"name":"updateApplicationStatus","decl":{"start":{"line":102,"column":15},"end":{"line":102,"column":38}},"loc":{"start":{"line":102,"column":62},"end":{"line":111,"column":1}},"line":102},"13":{"name":"(anonymous_13)","decl":{"start":{"line":115,"column":46},"end":{"line":115,"column":47}},"loc":{"start":{"line":115,"column":52},"end":{"line":117,"column":1}},"line":115}},"branchMap":{},"s":{"0":8,"1":8,"2":8,"3":8,"4":8,"5":24,"6":24,"7":24,"8":24,"9":8,"10":8,"11":2,"12":2,"13":2,"14":2,"15":8,"16":4,"17":2,"18":8,"19":4,"20":4,"21":4,"22":4,"23":2,"24":2,"25":2,"26":2,"27":2,"28":2,"29":1,"30":1,"31":1,"32":1,"33":1,"34":1,"35":12,"36":12,"37":12,"38":12,"39":12,"40":58,"41":58,"42":58,"43":3,"44":3,"45":3,"46":3,"47":8,"48":8,"49":8},"f":{"0":8,"1":24,"2":2,"3":8,"4":4,"5":8,"6":4,"7":2,"8":2,"9":1,"10":12,"11":58,"12":3,"13":8},"b":{},"_coverageSchema":"1a1c01bbd47fc00a2c39e90264f33305004495a9","hash":"e5e5ba88a4be54635e76bac216ad31b6e3cdcad8"}
}
