{"E:\\DEVOPS\\PART 2\\hilman devops part 3 final\\public\\leave.js": {"path":"E:\\DEVOPS\\PART 2\\hilman devops part 3 final\\public\\leave.js","statementMap":{"0":{"start":{"line":3,"column":21},"end":{"line":3,"column":51}},"1":{"start":{"line":4,"column":17},"end":{"line":4,"column":38}},"2":{"start":{"line":6,"column":26},"end":{"line":6,"column":60}},"3":{"start":{"line":7,"column":4},"end":{"line":7,"column":73}},"4":{"start":{"line":10,"column":4},"end":{"line":15,"column":7}},"5":{"start":{"line":11,"column":23},"end":{"line":11,"column":55}},"6":{"start":{"line":12,"column":8},"end":{"line":12,"column":35}},"7":{"start":{"line":13,"column":8},"end":{"line":13,"column":63}},"8":{"start":{"line":14,"column":8},"end":{"line":14,"column":42}},"9":{"start":{"line":18,"column":4},"end":{"line":18,"column":39}},"10":{"start":{"line":19,"column":4},"end":{"line":19,"column":44}},"11":{"start":{"line":24,"column":20},"end":{"line":24,"column":60}},"12":{"start":{"line":25,"column":28},"end":{"line":25,"column":64}},"13":{"start":{"line":26,"column":4},"end":{"line":26,"column":77}},"14":{"start":{"line":29,"column":29},"end":{"line":31,"column":56}},"15":{"start":{"line":30,"column":30},"end":{"line":30,"column":67}},"16":{"start":{"line":31,"column":27},"end":{"line":31,"column":55}},"17":{"start":{"line":34,"column":4},"end":{"line":41,"column":11}},"18":{"start":{"line":35,"column":27},"end":{"line":35,"column":71}},"19":{"start":{"line":37,"column":27},"end":{"line":37,"column":59}},"20":{"start":{"line":38,"column":12},"end":{"line":38,"column":45}},"21":{"start":{"line":39,"column":12},"end":{"line":39,"column":74}},"22":{"start":{"line":40,"column":12},"end":{"line":40,"column":48}},"23":{"start":{"line":46,"column":22},"end":{"line":46,"column":64}},"24":{"start":{"line":47,"column":24},"end":{"line":47,"column":62}},"25":{"start":{"line":48,"column":4},"end":{"line":48,"column":31}},"26":{"start":{"line":50,"column":20},"end":{"line":50,"column":78}},"27":{"start":{"line":50,"column":51},"end":{"line":50,"column":77}},"28":{"start":{"line":51,"column":4},"end":{"line":57,"column":5}},"29":{"start":{"line":52,"column":8},"end":{"line":56,"column":10}},"30":{"start":{"line":61,"column":17},"end":{"line":61,"column":53}},"31":{"start":{"line":62,"column":21},"end":{"line":67,"column":5}},"32":{"start":{"line":69,"column":21},"end":{"line":73,"column":6}},"33":{"start":{"line":74,"column":19},"end":{"line":74,"column":40}},"34":{"start":{"line":75,"column":4},"end":{"line":75,"column":26}},"35":{"start":{"line":76,"column":4},"end":{"line":76,"column":29}},"36":{"start":{"line":80,"column":21},"end":{"line":80,"column":65}},"37":{"start":{"line":81,"column":25},"end":{"line":81,"column":46}},"38":{"start":{"line":82,"column":22},"end":{"line":82,"column":66}},"39":{"start":{"line":83,"column":4},"end":{"line":83,"column":29}},"40":{"start":{"line":85,"column":4},"end":{"line":98,"column":7}},"41":{"start":{"line":86,"column":23},"end":{"line":86,"column":52}},"42":{"start":{"line":87,"column":8},"end":{"line":96,"column":108}},"43":{"start":{"line":97,"column":8},"end":{"line":97,"column":38}},"44":{"start":{"line":102,"column":21},"end":{"line":106,"column":6}},"45":{"start":{"line":107,"column":19},"end":{"line":107,"column":40}},"46":{"start":{"line":108,"column":4},"end":{"line":108,"column":26}},"47":{"start":{"line":109,"column":4},"end":{"line":109,"column":29}},"48":{"start":{"line":113,"column":0},"end":{"line":113,"column":25}},"49":{"start":{"line":114,"column":0},"end":{"line":116,"column":3}},"50":{"start":{"line":115,"column":4},"end":{"line":115,"column":28}}},"fnMap":{"0":{"name":"populateClassDropdown","decl":{"start":{"line":2,"column":15},"end":{"line":2,"column":36}},"loc":{"start":{"line":2,"column":39},"end":{"line":20,"column":1}},"line":2},"1":{"name":"(anonymous_1)","decl":{"start":{"line":10,"column":25},"end":{"line":10,"column":26}},"loc":{"start":{"line":10,"column":32},"end":{"line":15,"column":5}},"line":10},"2":{"name":"updateStudentDropdown","decl":{"start":{"line":23,"column":9},"end":{"line":23,"column":30}},"loc":{"start":{"line":23,"column":33},"end":{"line":42,"column":1}},"line":23},"3":{"name":"(anonymous_3)","decl":{"start":{"line":30,"column":16},"end":{"line":30,"column":17}},"loc":{"start":{"line":30,"column":30},"end":{"line":30,"column":67}},"line":30},"4":{"name":"(anonymous_4)","decl":{"start":{"line":31,"column":13},"end":{"line":31,"column":14}},"loc":{"start":{"line":31,"column":27},"end":{"line":31,"column":55}},"line":31},"5":{"name":"(anonymous_5)","decl":{"start":{"line":35,"column":16},"end":{"line":35,"column":17}},"loc":{"start":{"line":35,"column":27},"end":{"line":35,"column":71}},"line":35},"6":{"name":"(anonymous_6)","decl":{"start":{"line":36,"column":17},"end":{"line":36,"column":18}},"loc":{"start":{"line":36,"column":28},"end":{"line":41,"column":9}},"line":36},"7":{"name":"displayStudentInfo","decl":{"start":{"line":45,"column":9},"end":{"line":45,"column":27}},"loc":{"start":{"line":45,"column":30},"end":{"line":58,"column":1}},"line":45},"8":{"name":"(anonymous_8)","decl":{"start":{"line":50,"column":44},"end":{"line":50,"column":45}},"loc":{"start":{"line":50,"column":51},"end":{"line":50,"column":77}},"line":50},"9":{"name":"submitLeaveApplication","decl":{"start":{"line":60,"column":15},"end":{"line":60,"column":37}},"loc":{"start":{"line":60,"column":40},"end":{"line":77,"column":1}},"line":60},"10":{"name":"fetchLeaveApplications","decl":{"start":{"line":79,"column":15},"end":{"line":79,"column":37}},"loc":{"start":{"line":79,"column":40},"end":{"line":99,"column":1}},"line":79},"11":{"name":"(anonymous_11)","decl":{"start":{"line":85,"column":25},"end":{"line":85,"column":26}},"loc":{"start":{"line":85,"column":32},"end":{"line":98,"column":5}},"line":85},"12":{"name":"updateApplicationStatus","decl":{"start":{"line":101,"column":15},"end":{"line":101,"column":38}},"loc":{"start":{"line":101,"column":62},"end":{"line":110,"column":1}},"line":101},"13":{"name":"(anonymous_13)","decl":{"start":{"line":114,"column":46},"end":{"line":114,"column":47}},"loc":{"start":{"line":114,"column":52},"end":{"line":116,"column":1}},"line":114}},"branchMap":{"0":{"loc":{"start":{"line":51,"column":4},"end":{"line":57,"column":5}},"type":"if","locations":[{"start":{"line":51,"column":4},"end":{"line":57,"column":5}},{"start":{},"end":{}}],"line":51}},"s":{"0":8,"1":8,"2":8,"3":8,"4":8,"5":24,"6":24,"7":24,"8":24,"9":8,"10":8,"11":2,"12":2,"13":2,"14":2,"15":8,"16":4,"17":2,"18":8,"19":4,"20":4,"21":4,"22":4,"23":2,"24":2,"25":2,"26":2,"27":2,"28":2,"29":2,"30":1,"31":1,"32":1,"33":1,"34":1,"35":1,"36":12,"37":12,"38":12,"39":12,"40":12,"41":53,"42":53,"43":53,"44":3,"45":3,"46":3,"47":3,"48":8,"49":8,"50":8},"f":{"0":8,"1":24,"2":2,"3":8,"4":4,"5":8,"6":4,"7":2,"8":2,"9":1,"10":12,"11":53,"12":3,"13":8},"b":{"0":[2,0]},"_coverageSchema":"1a1c01bbd47fc00a2c39e90264f33305004495a9","hash":"0ff990b08da9b055793ada38477b0222d53e5705"}
,"E:\\DEVOPS\\PART 2\\hilman devops part 3 final\\public\\leaveapp.js": {"path":"E:\\DEVOPS\\PART 2\\hilman devops part 3 final\\public\\leaveapp.js","statementMap":{"0":{"start":{"line":1,"column":16},"end":{"line":1,"column":34}},"1":{"start":{"line":2,"column":11},"end":{"line":2,"column":24}},"2":{"start":{"line":3,"column":13},"end":{"line":3,"column":28}},"3":{"start":{"line":6,"column":15},"end":{"line":6,"column":31}},"4":{"start":{"line":9,"column":17},"end":{"line":9,"column":62}},"5":{"start":{"line":13,"column":0},"end":{"line":20,"column":1}},"6":{"start":{"line":14,"column":21},"end":{"line":14,"column":54}},"7":{"start":{"line":15,"column":4},"end":{"line":15,"column":32}},"8":{"start":{"line":16,"column":4},"end":{"line":16,"column":38}},"9":{"start":{"line":18,"column":4},"end":{"line":18,"column":51}},"10":{"start":{"line":19,"column":4},"end":{"line":19,"column":96}},"11":{"start":{"line":23,"column":24},"end":{"line":23,"column":46}},"12":{"start":{"line":26,"column":0},"end":{"line":36,"column":3}},"13":{"start":{"line":28,"column":4},"end":{"line":35,"column":7}},"14":{"start":{"line":29,"column":8},"end":{"line":34,"column":9}},"15":{"start":{"line":30,"column":12},"end":{"line":30,"column":59}},"16":{"start":{"line":31,"column":12},"end":{"line":31,"column":60}},"17":{"start":{"line":33,"column":12},"end":{"line":33,"column":39}},"18":{"start":{"line":39,"column":0},"end":{"line":59,"column":3}},"19":{"start":{"line":40,"column":54},"end":{"line":40,"column":62}},"20":{"start":{"line":43,"column":26},"end":{"line":43,"column":98}},"21":{"start":{"line":43,"column":56},"end":{"line":43,"column":97}},"22":{"start":{"line":44,"column":24},"end":{"line":44,"column":83}},"23":{"start":{"line":44,"column":49},"end":{"line":44,"column":82}},"24":{"start":{"line":46,"column":4},"end":{"line":48,"column":5}},"25":{"start":{"line":47,"column":8},"end":{"line":47,"column":81}},"26":{"start":{"line":50,"column":26},"end":{"line":50,"column":54}},"27":{"start":{"line":51,"column":27},"end":{"line":51,"column":102}},"28":{"start":{"line":52,"column":4},"end":{"line":52,"column":43}},"29":{"start":{"line":55,"column":4},"end":{"line":55,"column":47}},"30":{"start":{"line":56,"column":4},"end":{"line":56,"column":70}},"31":{"start":{"line":58,"column":4},"end":{"line":58,"column":71}},"32":{"start":{"line":62,"column":0},"end":{"line":64,"column":3}},"33":{"start":{"line":63,"column":4},"end":{"line":63,"column":32}},"34":{"start":{"line":67,"column":0},"end":{"line":82,"column":3}},"35":{"start":{"line":68,"column":38},"end":{"line":68,"column":46}},"36":{"start":{"line":69,"column":24},"end":{"line":69,"column":100}},"37":{"start":{"line":69,"column":54},"end":{"line":69,"column":99}},"38":{"start":{"line":71,"column":4},"end":{"line":81,"column":5}},"39":{"start":{"line":72,"column":8},"end":{"line":72,"column":36}},"40":{"start":{"line":75,"column":8},"end":{"line":75,"column":51}},"41":{"start":{"line":76,"column":8},"end":{"line":76,"column":74}},"42":{"start":{"line":78,"column":8},"end":{"line":78,"column":83}},"43":{"start":{"line":80,"column":8},"end":{"line":80,"column":68}},"44":{"start":{"line":84,"column":0},"end":{"line":84,"column":24}}},"fnMap":{"0":{"name":"(anonymous_0)","decl":{"start":{"line":26,"column":24},"end":{"line":26,"column":25}},"loc":{"start":{"line":26,"column":38},"end":{"line":36,"column":1}},"line":26},"1":{"name":"(anonymous_1)","decl":{"start":{"line":28,"column":34},"end":{"line":28,"column":35}},"loc":{"start":{"line":28,"column":49},"end":{"line":35,"column":5}},"line":28},"2":{"name":"(anonymous_2)","decl":{"start":{"line":39,"column":28},"end":{"line":39,"column":29}},"loc":{"start":{"line":39,"column":42},"end":{"line":59,"column":1}},"line":39},"3":{"name":"(anonymous_3)","decl":{"start":{"line":43,"column":45},"end":{"line":43,"column":46}},"loc":{"start":{"line":43,"column":56},"end":{"line":43,"column":97}},"line":43},"4":{"name":"(anonymous_4)","decl":{"start":{"line":44,"column":42},"end":{"line":44,"column":43}},"loc":{"start":{"line":44,"column":49},"end":{"line":44,"column":82}},"line":44},"5":{"name":"(anonymous_5)","decl":{"start":{"line":62,"column":38},"end":{"line":62,"column":39}},"loc":{"start":{"line":62,"column":52},"end":{"line":64,"column":1}},"line":62},"6":{"name":"(anonymous_6)","decl":{"start":{"line":67,"column":42},"end":{"line":67,"column":43}},"loc":{"start":{"line":67,"column":56},"end":{"line":82,"column":1}},"line":67},"7":{"name":"(anonymous_7)","decl":{"start":{"line":69,"column":47},"end":{"line":69,"column":48}},"loc":{"start":{"line":69,"column":54},"end":{"line":69,"column":99}},"line":69}},"branchMap":{"0":{"loc":{"start":{"line":29,"column":8},"end":{"line":34,"column":9}},"type":"if","locations":[{"start":{"line":29,"column":8},"end":{"line":34,"column":9}},{"start":{"line":32,"column":15},"end":{"line":34,"column":9}}],"line":29},"1":{"loc":{"start":{"line":46,"column":4},"end":{"line":48,"column":5}},"type":"if","locations":[{"start":{"line":46,"column":4},"end":{"line":48,"column":5}},{"start":{},"end":{}}],"line":46},"2":{"loc":{"start":{"line":46,"column":8},"end":{"line":46,"column":38}},"type":"binary-expr","locations":[{"start":{"line":46,"column":8},"end":{"line":46,"column":22}},{"start":{"line":46,"column":26},"end":{"line":46,"column":38}}],"line":46},"3":{"loc":{"start":{"line":71,"column":4},"end":{"line":81,"column":5}},"type":"if","locations":[{"start":{"line":71,"column":4},"end":{"line":81,"column":5}},{"start":{"line":79,"column":11},"end":{"line":81,"column":5}}],"line":71}},"s":{"0":1,"1":1,"2":1,"3":1,"4":1,"5":1,"6":1,"7":1,"8":1,"9":0,"10":0,"11":1,"12":1,"13":0,"14":0,"15":0,"16":0,"17":0,"18":1,"19":0,"20":0,"21":0,"22":0,"23":0,"24":0,"25":0,"26":0,"27":0,"28":0,"29":0,"30":0,"31":0,"32":1,"33":0,"34":1,"35":0,"36":0,"37":0,"38":0,"39":0,"40":0,"41":0,"42":0,"43":0,"44":1},"f":{"0":0,"1":0,"2":0,"3":0,"4":0,"5":0,"6":0,"7":0},"b":{"0":[0,0],"1":[0,0],"2":[0,0],"3":[0,0]},"_coverageSchema":"1a1c01bbd47fc00a2c39e90264f33305004495a9","hash":"fe2ebca70460990b9eee580ec167ec175b50d35f","contentHash":"46b46d85bf8bb8242d7427a5a7ea5b1ff04dfb9d28ae77fb6614d1235d8d241d"}
}
