TN:
SF:public\leave.js
FN:2,populateClassDropdown
FN:10,(anonymous_1)
FN:23,updateStudentDropdown
FN:30,(anonymous_3)
FN:31,(anonymous_4)
FN:35,(anonymous_5)
FN:36,(anonymous_6)
FN:45,displayStudentInfo
FN:50,(anonymous_8)
FN:60,submitLeaveApplication
FN:79,fetchLeaveApplications
FN:85,(anonymous_11)
FN:101,updateApplicationStatus
FN:114,(anonymous_13)
FNF:14
FNH:14
FNDA:8,populateClassDropdown
FNDA:24,(anonymous_1)
FNDA:2,updateStudentDropdown
FNDA:8,(anonymous_3)
FNDA:4,(anonymous_4)
FNDA:8,(anonymous_5)
FNDA:4,(anonymous_6)
FNDA:2,displayStudentInfo
FNDA:2,(anonymous_8)
FNDA:1,submitLeaveApplication
FNDA:12,fetchLeaveApplications
FNDA:58,(anonymous_11)
FNDA:3,updateApplicationStatus
FNDA:8,(anonymous_13)
DA:3,8
DA:4,8
DA:6,8
DA:7,8
DA:10,8
DA:11,24
DA:12,24
DA:13,24
DA:14,24
DA:18,8
DA:19,8
DA:24,2
DA:25,2
DA:26,2
DA:29,2
DA:30,8
DA:31,4
DA:34,2
DA:35,8
DA:37,4
DA:38,4
DA:39,4
DA:40,4
DA:46,2
DA:47,2
DA:48,2
DA:50,2
DA:51,2
DA:52,2
DA:61,1
DA:62,1
DA:69,1
DA:74,1
DA:75,1
DA:76,1
DA:80,12
DA:81,12
DA:82,12
DA:83,12
DA:85,12
DA:86,58
DA:87,58
DA:97,58
DA:102,3
DA:107,3
DA:108,3
DA:109,3
DA:113,8
DA:114,8
DA:115,8
LF:50
LH:50
BRDA:51,0,0,2
BRDA:51,0,1,0
BRF:2
BRH:1
end_of_record
