TN:
SF:public\leave.js
FN:2,populateClassDropdown
FN:10,(anonymous_1)
FN:23,updateStudentDropdown
FN:30,(anonymous_3)
FN:31,(anonymous_4)
FN:35,(anonymous_5)
FN:36,(anonymous_6)
FN:45,displayStudentInfo
FN:50,(anonymous_8)
FN:60,submitLeaveApplication
FN:79,fetchLeaveApplications
FN:85,(anonymous_11)
FN:101,updateApplicationStatus
FN:114,(anonymous_13)
FNF:14
FNH:14
FNDA:8,populateClassDropdown
FNDA:24,(anonymous_1)
FNDA:2,updateStudentDropdown
FNDA:8,(anonymous_3)
FNDA:4,(anonymous_4)
FNDA:8,(anonymous_5)
FNDA:4,(anonymous_6)
FNDA:2,displayStudentInfo
FNDA:2,(anonymous_8)
FNDA:1,submitLeaveApplication
FNDA:12,fetchLeaveApplications
FNDA:53,(anonymous_11)
FNDA:3,updateApplicationStatus
FNDA:8,(anonymous_13)
DA:3,8
DA:4,8
DA:6,8
DA:7,8
DA:10,8
DA:11,24
DA:12,24
DA:13,24
DA:14,24
DA:18,8
DA:19,8
DA:24,2
DA:25,2
DA:26,2
DA:29,2
DA:30,8
DA:31,4
DA:34,2
DA:35,8
DA:37,4
DA:38,4
DA:39,4
DA:40,4
DA:46,2
DA:47,2
DA:48,2
DA:50,2
DA:51,2
DA:52,2
DA:61,1
DA:62,1
DA:69,1
DA:74,1
DA:75,1
DA:76,1
DA:80,12
DA:81,12
DA:82,12
DA:83,12
DA:85,12
DA:86,53
DA:87,53
DA:97,53
DA:102,3
DA:107,3
DA:108,3
DA:109,3
DA:113,8
DA:114,8
DA:115,8
LF:50
LH:50
BRDA:51,0,0,2
BRDA:51,0,1,0
BRF:2
BRH:1
end_of_record
TN:
SF:public\leaveapp.js
FN:26,(anonymous_0)
FN:28,(anonymous_1)
FN:39,(anonymous_2)
FN:43,(anonymous_3)
FN:44,(anonymous_4)
FN:62,(anonymous_5)
FN:67,(anonymous_6)
FN:69,(anonymous_7)
FNF:8
FNH:0
FNDA:0,(anonymous_0)
FNDA:0,(anonymous_1)
FNDA:0,(anonymous_2)
FNDA:0,(anonymous_3)
FNDA:0,(anonymous_4)
FNDA:0,(anonymous_5)
FNDA:0,(anonymous_6)
FNDA:0,(anonymous_7)
DA:1,1
DA:2,1
DA:3,1
DA:6,1
DA:9,1
DA:13,1
DA:14,1
DA:15,1
DA:16,1
DA:18,0
DA:19,0
DA:23,1
DA:26,1
DA:28,0
DA:29,0
DA:30,0
DA:31,0
DA:33,0
DA:39,1
DA:40,0
DA:43,0
DA:44,0
DA:46,0
DA:47,0
DA:50,0
DA:51,0
DA:52,0
DA:55,0
DA:56,0
DA:58,0
DA:62,1
DA:63,0
DA:67,1
DA:68,0
DA:69,0
DA:71,0
DA:72,0
DA:75,0
DA:76,0
DA:78,0
DA:80,0
DA:84,1
LF:42
LH:15
BRDA:23,0,0,1
BRDA:23,0,1,0
BRDA:29,1,0,0
BRDA:29,1,1,0
BRDA:46,2,0,0
BRDA:46,2,1,0
BRDA:46,3,0,0
BRDA:46,3,1,0
BRDA:71,4,0,0
BRDA:71,4,1,0
BRF:10
BRH:1
end_of_record
